<?xml version="1.0" encoding="UTF-8"?>
<!-- Generated by org.testng.reporters.JUnitReportReporter -->
<testsuite hostname="user-PC" failures="0" tests="2" name="qaclickacademy.Maven_javaIntro.RestAPITest" time="0.001" errors="0" timestamp="2020-07-24T00:09:21 IST" skipped="0">
  <testcase classname="qaclickacademy.Maven_javaIntro.RestAPITest" name="resttest1" time="0.000"/>
  <system-out/>
  <testcase classname="qaclickacademy.Maven_javaIntro.RestAPITest" name="Restest" time="0.001"/>
  <system-out/>
</testsuite> <!-- qaclickacademy.Maven_javaIntro.RestAPITest -->
